==========
Input file:
{ 
    "TypeOfSimulation": "Pivot-ChainMoves",
    "SimulationMatrixFileName": "AZ-Tanaka.csv",
    "FASTAFileName": "all-AKs.fasta",
    "BallDiameter": 5,
    "NumberOfCycles": 40000,
    "NumberOfSkippedCycles": 20000,
    "EpsilonForNon-BondingPotential": 0.001,
    "Temperature-Init": 500,
    "Temperature-Final": 300,
    "TypeOfNonBondingPotential": "lennardjones",
    "NonBondingPotentialTableName": null,
    "BendingPotentialTableName": "bendingPotential.csv",
    "DihedralPotentialTableName": "dihedralPotential.csv",
    "RotationRange": 0.5,
    "LengthOfBond": 3.81,
    "XYZFreq": 100,
    "DATAFreq": 100,
    "RenderTCL": false
}
==========
Length of simulation:
0 min, 0 sec
==========
Averages: Potential, Rg, Re, AR, MCAcc
-488.399079,5.772115,13.170733,0.254500,0.159675
==========
Error estimations (block method):
Cycle,Acc/Rej,Potential,BasicP,BendingP,DihedralP,Rg,Re,randomProb,boltzman
x,x,0.056922,0.021940,0.019143,0.017917,0.000618,0.001951,0.000197
