==========
Input file:
{ 
    "TypeOfSimulation": "Pivot-ChainMoves",
    "SimulationMatrixFileName": "AZ-Tanaka.csv",
    "FASTAFileName": "all-AKs.fasta",
    "BallDiameter": 5,
    "NumberOfCycles": 40000,
    "NumberOfSkippedCycles": 20000,
    "EpsilonForNon-BondingPotential": 0.001,
    "Temperature-Init": 500,
    "Temperature-Final": 300,
    "TypeOfNonBondingPotential": "lennardjones",
    "NonBondingPotentialTableName": null,
    "BendingPotentialTableName": "bendingPotential.csv",
    "DihedralPotentialTableName": "dihedralPotential.csv",
    "RotationRange": 0.5,
    "LengthOfBond": 3.81,
    "XYZFreq": 100,
    "DATAFreq": 100,
    "RenderTCL": false
}
==========
Length of simulation:
0 min, 0 sec
==========
Averages: Potential, Rg, Re, AR, MCAcc
-471.853867,5.843270,10.525439,0.251450,0.169025
==========
Error estimations (block method):
Cycle,Acc/Rej,Potential,BasicP,BendingP,DihedralP,Rg,Re,randomProb,boltzman
x,x,0.051916,0.028125,0.016515,0.014868,0.000651,0.009972,0.000136
